<?xml version="1.0" encoding="UTF-8"?>
<testsuite name="tests.ShoppingCartTest" tests="1" skipped="0" failures="0" errors="0" timestamp="2025-05-04T14:08:27" hostname="GABRIELLANAOMI" time="18.647">
  <properties/>
  <testcase name="AddProductSuccessTest" classname="tests.ShoppingCartTest" time="18.647"/>
  <system-out><![CDATA[]]></system-out>
  <system-err><![CDATA[]]></system-err>
</testsuite>
